<?xml version="1.0" encoding="UTF-8"?>
<testng-results ignored="0" total="1" passed="1" failed="0" skipped="0">
  <reporter-output>
  </reporter-output>
  <suite started-at="2022-10-17T16:18:03 IST" name="Default suite" finished-at="2022-10-17T16:18:40 IST" duration-ms="36543">
    <groups>
    </groups>
    <test started-at="2022-10-17T16:18:03 IST" name="Default test" finished-at="2022-10-17T16:18:40 IST" duration-ms="36543">
      <class name="scripts.TestCase3">
        <test-method is-config="true" signature="openApp()[pri:0, instance:scripts.TestCase3@29d89d5d]" started-at="2022-10-17T16:18:03 IST" name="openApp" finished-at="2022-10-17T16:18:16 IST" duration-ms="12743" status="PASS">
          <reporter-output>
          </reporter-output>
        </test-method> <!-- openApp -->
        <test-method signature="tc3()[pri:0, instance:scripts.TestCase3@29d89d5d]" started-at="2022-10-17T16:18:16 IST" name="tc3" finished-at="2022-10-17T16:18:38 IST" duration-ms="22530" status="PASS">
          <reporter-output>
          </reporter-output>
        </test-method> <!-- tc3 -->
        <test-method is-config="true" signature="closeApp()[pri:0, instance:scripts.TestCase3@29d89d5d]" started-at="2022-10-17T16:18:38 IST" name="closeApp" finished-at="2022-10-17T16:18:40 IST" duration-ms="1154" status="PASS">
          <reporter-output>
          </reporter-output>
        </test-method> <!-- closeApp -->
      </class> <!-- scripts.TestCase3 -->
    </test> <!-- Default test -->
  </suite> <!-- Default suite -->
</testng-results>
